[04-Mar-2020 11:13:59 Europe/Moscow] PHP Fatal error:  Uncaught PDOException: SQLSTATE[HY000]: General error in /home/windmymind/Documents/projects/Diploma/abiturient/control/functions/admin/markStatement.php:11
Stack trace:
#0 /home/windmymind/Documents/projects/Diploma/abiturient/control/functions/admin/markStatement.php(11): PDOStatement->fetch()
#1 {main}
  thrown in /home/windmymind/Documents/projects/Diploma/abiturient/control/functions/admin/markStatement.php on line 11
[04-Mar-2020 11:30:58 Europe/Moscow] PHP Fatal error:  Uncaught PDOException: SQLSTATE[HY000]: General error in /home/windmymind/Documents/projects/Diploma/abiturient/control/functions/admin/markStatement.php:11
Stack trace:
#0 /home/windmymind/Documents/projects/Diploma/abiturient/control/functions/admin/markStatement.php(11): PDOStatement->fetch()
#1 {main}
  thrown in /home/windmymind/Documents/projects/Diploma/abiturient/control/functions/admin/markStatement.php on line 11
[06-Mar-2020 13:40:05 Europe/Moscow] PHP Notice:  Undefined variable: logo_tmp_name in /home/windmymind/Documents/projects/Diploma/abiturient/control/functions/admin/updPolyticsPD.php on line 7
[08-Mar-2020 15:01:40 Europe/Moscow] PHP Fatal error:  Uncaught PDOException: SQLSTATE[HY000]: General error in /home/windmymind/Documents/projects/Diploma/abiturient/control/functions/admin/markStatement.php:11
Stack trace:
#0 /home/windmymind/Documents/projects/Diploma/abiturient/control/functions/admin/markStatement.php(11): PDOStatement->fetch()
#1 {main}
  thrown in /home/windmymind/Documents/projects/Diploma/abiturient/control/functions/admin/markStatement.php on line 11
[08-Mar-2020 15:02:57 Europe/Moscow] PHP Fatal error:  Uncaught PDOException: SQLSTATE[HY000]: General error in /home/windmymind/Documents/projects/Diploma/abiturient/control/functions/admin/markStatement.php:9
Stack trace:
#0 /home/windmymind/Documents/projects/Diploma/abiturient/control/functions/admin/markStatement.php(9): PDOStatement->fetch()
#1 {main}
  thrown in /home/windmymind/Documents/projects/Diploma/abiturient/control/functions/admin/markStatement.php on line 9
[08-Mar-2020 15:14:32 Europe/Moscow] PHP Fatal error:  Uncaught PDOException: SQLSTATE[HY000]: General error in /home/windmymind/Documents/projects/Diploma/abiturient/control/functions/admin/markStatement.php:9
Stack trace:
#0 /home/windmymind/Documents/projects/Diploma/abiturient/control/functions/admin/markStatement.php(9): PDOStatement->fetch()
#1 {main}
  thrown in /home/windmymind/Documents/projects/Diploma/abiturient/control/functions/admin/markStatement.php on line 9
[08-Mar-2020 16:09:07 Europe/Moscow] PHP Fatal error:  Uncaught PDOException: SQLSTATE[HY000]: General error in /home/windmymind/Documents/projects/Diploma/abiturient/control/functions/admin/markStatement.php:9
Stack trace:
#0 /home/windmymind/Documents/projects/Diploma/abiturient/control/functions/admin/markStatement.php(9): PDOStatement->fetch()
#1 {main}
  thrown in /home/windmymind/Documents/projects/Diploma/abiturient/control/functions/admin/markStatement.php on line 9
[08-Mar-2020 17:24:03 Europe/Moscow] PHP Fatal error:  Uncaught PDOException: SQLSTATE[HY000]: General error in /home/windmymind/Documents/projects/Diploma/abiturient/control/functions/admin/markStatement.php:9
Stack trace:
#0 /home/windmymind/Documents/projects/Diploma/abiturient/control/functions/admin/markStatement.php(9): PDOStatement->fetch()
#1 {main}
  thrown in /home/windmymind/Documents/projects/Diploma/abiturient/control/functions/admin/markStatement.php on line 9
[08-Mar-2020 17:25:41 Europe/Moscow] PHP Fatal error:  Uncaught PDOException: SQLSTATE[HY000]: General error in /home/windmymind/Documents/projects/Diploma/abiturient/control/functions/admin/markStatement.php:9
Stack trace:
#0 /home/windmymind/Documents/projects/Diploma/abiturient/control/functions/admin/markStatement.php(9): PDOStatement->fetch()
#1 {main}
  thrown in /home/windmymind/Documents/projects/Diploma/abiturient/control/functions/admin/markStatement.php on line 9
[08-Mar-2020 17:29:22 Europe/Moscow] PHP Fatal error:  Uncaught PDOException: SQLSTATE[42S22]: Column not found: 1054 Unknown column 'approved' in 'field list' in /home/windmymind/Documents/projects/Diploma/abiturient/control/functions/admin/markStatement.php:7
Stack trace:
#0 /home/windmymind/Documents/projects/Diploma/abiturient/control/functions/admin/markStatement.php(7): PDO->query()
#1 {main}
  thrown in /home/windmymind/Documents/projects/Diploma/abiturient/control/functions/admin/markStatement.php on line 7
[08-Mar-2020 17:29:42 Europe/Moscow] PHP Fatal error:  Uncaught PDOException: SQLSTATE[42S22]: Column not found: 1054 Unknown column 'approved' in 'field list' in /home/windmymind/Documents/projects/Diploma/abiturient/control/functions/admin/markStatement.php:7
Stack trace:
#0 /home/windmymind/Documents/projects/Diploma/abiturient/control/functions/admin/markStatement.php(7): PDO->query()
#1 {main}
  thrown in /home/windmymind/Documents/projects/Diploma/abiturient/control/functions/admin/markStatement.php on line 7
[08-Mar-2020 17:30:26 Europe/Moscow] PHP Fatal error:  Uncaught PDOException: SQLSTATE[42S22]: Column not found: 1054 Unknown column 'denied' in 'field list' in /home/windmymind/Documents/projects/Diploma/abiturient/control/functions/admin/markStatement.php:9
Stack trace:
#0 /home/windmymind/Documents/projects/Diploma/abiturient/control/functions/admin/markStatement.php(9): PDO->query()
#1 {main}
  thrown in /home/windmymind/Documents/projects/Diploma/abiturient/control/functions/admin/markStatement.php on line 9
[11-Mar-2020 11:33:54 Europe/Moscow] PHP Fatal error:  Uncaught PDOException: SQLSTATE[42000]: Syntax error or access violation: 1064 You have an error in your SQL syntax; check the manual that corresponds to your MariaDB server version for the right syntax to use near '1 FROM statements WHERE abiturient_id = 2' at line 1 in /home/windmymind/Documents/projects/Diploma/abiturient/control/functions/admin/markStatement.php:11
Stack trace:
#0 /home/windmymind/Documents/projects/Diploma/abiturient/control/functions/admin/markStatement.php(11): PDO->query()
#1 {main}
  thrown in /home/windmymind/Documents/projects/Diploma/abiturient/control/functions/admin/markStatement.php on line 11
[11-Mar-2020 11:34:50 Europe/Moscow] PHP Fatal error:  Uncaught PDOException: SQLSTATE[HY000]: General error in /home/windmymind/Documents/projects/Diploma/abiturient/control/functions/admin/markStatement.php:13
Stack trace:
#0 /home/windmymind/Documents/projects/Diploma/abiturient/control/functions/admin/markStatement.php(13): PDOStatement->fetch()
#1 {main}
  thrown in /home/windmymind/Documents/projects/Diploma/abiturient/control/functions/admin/markStatement.php on line 13
[11-Mar-2020 11:38:21 Europe/Moscow] PHP Fatal error:  Uncaught PDOException: SQLSTATE[HY000]: General error in /home/windmymind/Documents/projects/Diploma/abiturient/control/functions/admin/markStatement.php:13
Stack trace:
#0 /home/windmymind/Documents/projects/Diploma/abiturient/control/functions/admin/markStatement.php(13): PDOStatement->fetch()
#1 {main}
  thrown in /home/windmymind/Documents/projects/Diploma/abiturient/control/functions/admin/markStatement.php on line 13
[11-Mar-2020 13:57:04 Europe/Moscow] PHP Fatal error:  Uncaught PDOException: SQLSTATE[HY000]: General error in /home/windmymind/Documents/projects/Diploma/abiturient/control/functions/admin/markStatement.php:13
Stack trace:
#0 /home/windmymind/Documents/projects/Diploma/abiturient/control/functions/admin/markStatement.php(13): PDOStatement->fetch()
#1 {main}
  thrown in /home/windmymind/Documents/projects/Diploma/abiturient/control/functions/admin/markStatement.php on line 13
[11-Mar-2020 14:04:35 Europe/Moscow] PHP Notice:  Undefined variable: pdo in /home/windmymind/Documents/projects/Diploma/abiturient/control/functions/admin/manageStatements.php on line 2
[11-Mar-2020 14:04:35 Europe/Moscow] PHP Fatal error:  Uncaught Error: Call to a member function query() on null in /home/windmymind/Documents/projects/Diploma/abiturient/control/functions/admin/manageStatements.php:2
Stack trace:
#0 {main}
  thrown in /home/windmymind/Documents/projects/Diploma/abiturient/control/functions/admin/manageStatements.php on line 2
[11-Mar-2020 14:35:16 Europe/Moscow] PHP Notice:  Undefined variable: pdo in /home/windmymind/Documents/projects/Diploma/abiturient/control/functions/admin/manageStatements.php on line 2
[11-Mar-2020 14:35:16 Europe/Moscow] PHP Fatal error:  Uncaught Error: Call to a member function query() on null in /home/windmymind/Documents/projects/Diploma/abiturient/control/functions/admin/manageStatements.php:2
Stack trace:
#0 {main}
  thrown in /home/windmymind/Documents/projects/Diploma/abiturient/control/functions/admin/manageStatements.php on line 2
[11-Mar-2020 14:38:03 Europe/Moscow] PHP Notice:  Array to string conversion in /home/windmymind/Documents/projects/Diploma/abiturient/control/functions/admin/manageStatements.php on line 7
[12-Mar-2020 18:28:38 Europe/Moscow] PHP Warning:  array_push() expects parameter 1 to be array, null given in /home/windmymind/Documents/projects/Diploma/abiturient/control/functions/admin/manageStatements.php on line 12
[12-Mar-2020 18:28:38 Europe/Moscow] PHP Warning:  array_push() expects parameter 1 to be array, null given in /home/windmymind/Documents/projects/Diploma/abiturient/control/functions/admin/manageStatements.php on line 12
[12-Mar-2020 20:19:04 Europe/Moscow] PHP Fatal error:  Uncaught PDOException: SQLSTATE[HY000]: General error in /home/windmymind/Documents/projects/Diploma/abiturient/control/functions/admin/markStatement.php:13
Stack trace:
#0 /home/windmymind/Documents/projects/Diploma/abiturient/control/functions/admin/markStatement.php(13): PDOStatement->fetch()
#1 {main}
  thrown in /home/windmymind/Documents/projects/Diploma/abiturient/control/functions/admin/markStatement.php on line 13
[12-Mar-2020 20:21:12 Europe/Moscow] PHP Fatal error:  Uncaught PDOException: SQLSTATE[HY000]: General error in /home/windmymind/Documents/projects/Diploma/abiturient/control/functions/admin/markStatement.php:13
Stack trace:
#0 /home/windmymind/Documents/projects/Diploma/abiturient/control/functions/admin/markStatement.php(13): PDOStatement->fetch()
#1 {main}
  thrown in /home/windmymind/Documents/projects/Diploma/abiturient/control/functions/admin/markStatement.php on line 13
[12-Mar-2020 20:24:34 Europe/Moscow] PHP Fatal error:  Uncaught PDOException: SQLSTATE[HY000]: General error in /home/windmymind/Documents/projects/Diploma/abiturient/control/functions/admin/markStatement.php:13
Stack trace:
#0 /home/windmymind/Documents/projects/Diploma/abiturient/control/functions/admin/markStatement.php(13): PDOStatement->fetch()
#1 {main}
  thrown in /home/windmymind/Documents/projects/Diploma/abiturient/control/functions/admin/markStatement.php on line 13
[12-Mar-2020 20:25:45 Europe/Moscow] PHP Fatal error:  Uncaught PDOException: SQLSTATE[HY000]: General error in /home/windmymind/Documents/projects/Diploma/abiturient/control/functions/admin/markStatement.php:13
Stack trace:
#0 /home/windmymind/Documents/projects/Diploma/abiturient/control/functions/admin/markStatement.php(13): PDOStatement->fetch()
#1 {main}
  thrown in /home/windmymind/Documents/projects/Diploma/abiturient/control/functions/admin/markStatement.php on line 13
[12-Mar-2020 20:27:14 Europe/Moscow] PHP Fatal error:  Uncaught PDOException: SQLSTATE[HY000]: General error in /home/windmymind/Documents/projects/Diploma/abiturient/control/functions/admin/markStatement.php:13
Stack trace:
#0 /home/windmymind/Documents/projects/Diploma/abiturient/control/functions/admin/markStatement.php(13): PDOStatement->fetch()
#1 {main}
  thrown in /home/windmymind/Documents/projects/Diploma/abiturient/control/functions/admin/markStatement.php on line 13
[12-Mar-2020 20:28:16 Europe/Moscow] PHP Fatal error:  Uncaught PDOException: SQLSTATE[HY000]: General error in /home/windmymind/Documents/projects/Diploma/abiturient/control/functions/admin/markStatement.php:13
Stack trace:
#0 /home/windmymind/Documents/projects/Diploma/abiturient/control/functions/admin/markStatement.php(13): PDOStatement->fetch()
#1 {main}
  thrown in /home/windmymind/Documents/projects/Diploma/abiturient/control/functions/admin/markStatement.php on line 13
[12-Mar-2020 20:30:27 Europe/Moscow] PHP Notice:  Undefined index: statement_id in /home/windmymind/Documents/projects/Diploma/abiturient/control/functions/admin/markStatement.php on line 11
[12-Mar-2020 20:30:27 Europe/Moscow] PHP Fatal error:  Uncaught PDOException: SQLSTATE[42000]: Syntax error or access violation: 1064 You have an error in your SQL syntax; check the manual that corresponds to your MariaDB server version for the right syntax to use near '' at line 1 in /home/windmymind/Documents/projects/Diploma/abiturient/control/functions/admin/markStatement.php:11
Stack trace:
#0 /home/windmymind/Documents/projects/Diploma/abiturient/control/functions/admin/markStatement.php(11): PDO->query()
#1 {main}
  thrown in /home/windmymind/Documents/projects/Diploma/abiturient/control/functions/admin/markStatement.php on line 11
[12-Mar-2020 20:30:37 Europe/Moscow] PHP Notice:  Undefined index: statement_id in /home/windmymind/Documents/projects/Diploma/abiturient/control/functions/admin/markStatement.php on line 11
[12-Mar-2020 20:30:37 Europe/Moscow] PHP Fatal error:  Uncaught PDOException: SQLSTATE[42000]: Syntax error or access violation: 1064 You have an error in your SQL syntax; check the manual that corresponds to your MariaDB server version for the right syntax to use near '' at line 1 in /home/windmymind/Documents/projects/Diploma/abiturient/control/functions/admin/markStatement.php:11
Stack trace:
#0 /home/windmymind/Documents/projects/Diploma/abiturient/control/functions/admin/markStatement.php(11): PDO->query()
#1 {main}
  thrown in /home/windmymind/Documents/projects/Diploma/abiturient/control/functions/admin/markStatement.php on line 11
[12-Mar-2020 20:35:20 Europe/Moscow] PHP Fatal error:  Uncaught PDOException: SQLSTATE[HY000]: General error in /home/windmymind/Documents/projects/Diploma/abiturient/control/functions/admin/markStatement.php:13
Stack trace:
#0 /home/windmymind/Documents/projects/Diploma/abiturient/control/functions/admin/markStatement.php(13): PDOStatement->fetch()
#1 {main}
  thrown in /home/windmymind/Documents/projects/Diploma/abiturient/control/functions/admin/markStatement.php on line 13
[12-Mar-2020 20:36:11 Europe/Moscow] PHP Fatal error:  Uncaught PDOException: SQLSTATE[HY000]: General error in /home/windmymind/Documents/projects/Diploma/abiturient/control/functions/admin/markStatement.php:13
Stack trace:
#0 /home/windmymind/Documents/projects/Diploma/abiturient/control/functions/admin/markStatement.php(13): PDOStatement->fetch()
#1 {main}
  thrown in /home/windmymind/Documents/projects/Diploma/abiturient/control/functions/admin/markStatement.php on line 13
[12-Mar-2020 20:36:59 Europe/Moscow] PHP Fatal error:  Uncaught PDOException: SQLSTATE[HY000]: General error in /home/windmymind/Documents/projects/Diploma/abiturient/control/functions/admin/markStatement.php:13
Stack trace:
#0 /home/windmymind/Documents/projects/Diploma/abiturient/control/functions/admin/markStatement.php(13): PDOStatement->fetch()
#1 {main}
  thrown in /home/windmymind/Documents/projects/Diploma/abiturient/control/functions/admin/markStatement.php on line 13
[12-Mar-2020 20:37:02 Europe/Moscow] PHP Fatal error:  Uncaught PDOException: SQLSTATE[HY000]: General error in /home/windmymind/Documents/projects/Diploma/abiturient/control/functions/admin/markStatement.php:13
Stack trace:
#0 /home/windmymind/Documents/projects/Diploma/abiturient/control/functions/admin/markStatement.php(13): PDOStatement->fetch()
#1 {main}
  thrown in /home/windmymind/Documents/projects/Diploma/abiturient/control/functions/admin/markStatement.php on line 13
[12-Mar-2020 20:45:27 Europe/Moscow] PHP Fatal error:  Uncaught PDOException: SQLSTATE[HY000]: General error in /home/windmymind/Documents/projects/Diploma/abiturient/control/functions/admin/markStatement.php:13
Stack trace:
#0 /home/windmymind/Documents/projects/Diploma/abiturient/control/functions/admin/markStatement.php(13): PDOStatement->fetch()
#1 {main}
  thrown in /home/windmymind/Documents/projects/Diploma/abiturient/control/functions/admin/markStatement.php on line 13
[12-Mar-2020 20:45:43 Europe/Moscow] PHP Fatal error:  Uncaught PDOException: SQLSTATE[HY000]: General error in /home/windmymind/Documents/projects/Diploma/abiturient/control/functions/admin/markStatement.php:13
Stack trace:
#0 /home/windmymind/Documents/projects/Diploma/abiturient/control/functions/admin/markStatement.php(13): PDOStatement->fetch()
#1 {main}
  thrown in /home/windmymind/Documents/projects/Diploma/abiturient/control/functions/admin/markStatement.php on line 13
[12-Mar-2020 20:56:35 Europe/Moscow] PHP Fatal error:  Uncaught PDOException: SQLSTATE[HY000]: General error in /home/windmymind/Documents/projects/Diploma/abiturient/control/functions/admin/markStatement.php:13
Stack trace:
#0 /home/windmymind/Documents/projects/Diploma/abiturient/control/functions/admin/markStatement.php(13): PDOStatement->fetch()
#1 {main}
  thrown in /home/windmymind/Documents/projects/Diploma/abiturient/control/functions/admin/markStatement.php on line 13
[12-Mar-2020 20:56:38 Europe/Moscow] PHP Fatal error:  Uncaught PDOException: SQLSTATE[HY000]: General error in /home/windmymind/Documents/projects/Diploma/abiturient/control/functions/admin/markStatement.php:13
Stack trace:
#0 /home/windmymind/Documents/projects/Diploma/abiturient/control/functions/admin/markStatement.php(13): PDOStatement->fetch()
#1 {main}
  thrown in /home/windmymind/Documents/projects/Diploma/abiturient/control/functions/admin/markStatement.php on line 13
[12-Mar-2020 22:01:25 Europe/Moscow] PHP Fatal error:  Uncaught PDOException: SQLSTATE[HY000]: General error in /home/windmymind/Documents/projects/Diploma/abiturient/control/functions/admin/markStatement.php:13
Stack trace:
#0 /home/windmymind/Documents/projects/Diploma/abiturient/control/functions/admin/markStatement.php(13): PDOStatement->fetch()
#1 {main}
  thrown in /home/windmymind/Documents/projects/Diploma/abiturient/control/functions/admin/markStatement.php on line 13
[12-Mar-2020 22:04:08 Europe/Moscow] PHP Fatal error:  Uncaught PDOException: SQLSTATE[HY000]: General error in /home/windmymind/Documents/projects/Diploma/abiturient/control/functions/admin/markStatement.php:13
Stack trace:
#0 /home/windmymind/Documents/projects/Diploma/abiturient/control/functions/admin/markStatement.php(13): PDOStatement->fetch()
#1 {main}
  thrown in /home/windmymind/Documents/projects/Diploma/abiturient/control/functions/admin/markStatement.php on line 13
[14-Mar-2020 12:06:29 Europe/Moscow] PHP Fatal error:  Uncaught PDOException: SQLSTATE[HY000]: General error in /home/windmymind/Documents/projects/Diploma/abiturient/control/functions/admin/markStatement.php:13
Stack trace:
#0 /home/windmymind/Documents/projects/Diploma/abiturient/control/functions/admin/markStatement.php(13): PDOStatement->fetch()
#1 {main}
  thrown in /home/windmymind/Documents/projects/Diploma/abiturient/control/functions/admin/markStatement.php on line 13
[14-Mar-2020 12:07:54 Europe/Moscow] PHP Fatal error:  Uncaught PDOException: SQLSTATE[HY000]: General error in /home/windmymind/Documents/projects/Diploma/abiturient/control/functions/admin/markStatement.php:13
Stack trace:
#0 /home/windmymind/Documents/projects/Diploma/abiturient/control/functions/admin/markStatement.php(13): PDOStatement->fetch()
#1 {main}
  thrown in /home/windmymind/Documents/projects/Diploma/abiturient/control/functions/admin/markStatement.php on line 13
[14-Mar-2020 12:08:42 Europe/Moscow] PHP Fatal error:  Uncaught PDOException: SQLSTATE[HY000]: General error in /home/windmymind/Documents/projects/Diploma/abiturient/control/functions/admin/markStatement.php:13
Stack trace:
#0 /home/windmymind/Documents/projects/Diploma/abiturient/control/functions/admin/markStatement.php(13): PDOStatement->fetch()
#1 {main}
  thrown in /home/windmymind/Documents/projects/Diploma/abiturient/control/functions/admin/markStatement.php on line 13
[14-Mar-2020 12:13:38 Europe/Moscow] PHP Fatal error:  Uncaught PDOException: SQLSTATE[HY000]: General error in /home/windmymind/Documents/projects/Diploma/abiturient/control/functions/admin/markStatement.php:13
Stack trace:
#0 /home/windmymind/Documents/projects/Diploma/abiturient/control/functions/admin/markStatement.php(13): PDOStatement->fetch()
#1 {main}
  thrown in /home/windmymind/Documents/projects/Diploma/abiturient/control/functions/admin/markStatement.php on line 13
[14-Mar-2020 12:15:31 Europe/Moscow] PHP Fatal error:  Uncaught PDOException: SQLSTATE[HY000]: General error in /home/windmymind/Documents/projects/Diploma/abiturient/control/functions/admin/markStatement.php:13
Stack trace:
#0 /home/windmymind/Documents/projects/Diploma/abiturient/control/functions/admin/markStatement.php(13): PDOStatement->fetch()
#1 {main}
  thrown in /home/windmymind/Documents/projects/Diploma/abiturient/control/functions/admin/markStatement.php on line 13
[14-Mar-2020 12:16:13 Europe/Moscow] PHP Fatal error:  Uncaught PDOException: SQLSTATE[HY000]: General error in /home/windmymind/Documents/projects/Diploma/abiturient/control/functions/admin/markStatement.php:13
Stack trace:
#0 /home/windmymind/Documents/projects/Diploma/abiturient/control/functions/admin/markStatement.php(13): PDOStatement->fetch()
#1 {main}
  thrown in /home/windmymind/Documents/projects/Diploma/abiturient/control/functions/admin/markStatement.php on line 13
[14-Mar-2020 12:16:56 Europe/Moscow] PHP Fatal error:  Uncaught PDOException: SQLSTATE[HY000]: General error in /home/windmymind/Documents/projects/Diploma/abiturient/control/functions/admin/markStatement.php:13
Stack trace:
#0 /home/windmymind/Documents/projects/Diploma/abiturient/control/functions/admin/markStatement.php(13): PDOStatement->fetch()
#1 {main}
  thrown in /home/windmymind/Documents/projects/Diploma/abiturient/control/functions/admin/markStatement.php on line 13
[14-Mar-2020 12:18:34 Europe/Moscow] PHP Fatal error:  Uncaught PDOException: SQLSTATE[HY000]: General error in /home/windmymind/Documents/projects/Diploma/abiturient/control/functions/admin/markStatement.php:13
Stack trace:
#0 /home/windmymind/Documents/projects/Diploma/abiturient/control/functions/admin/markStatement.php(13): PDOStatement->fetch()
#1 {main}
  thrown in /home/windmymind/Documents/projects/Diploma/abiturient/control/functions/admin/markStatement.php on line 13
[14-Mar-2020 12:19:00 Europe/Moscow] PHP Fatal error:  Uncaught PDOException: SQLSTATE[HY000]: General error in /home/windmymind/Documents/projects/Diploma/abiturient/control/functions/admin/markStatement.php:13
Stack trace:
#0 /home/windmymind/Documents/projects/Diploma/abiturient/control/functions/admin/markStatement.php(13): PDOStatement->fetch()
#1 {main}
  thrown in /home/windmymind/Documents/projects/Diploma/abiturient/control/functions/admin/markStatement.php on line 13
[14-Mar-2020 12:27:27 Europe/Moscow] PHP Fatal error:  Uncaught PDOException: SQLSTATE[HY000]: General error in /home/windmymind/Documents/projects/Diploma/abiturient/control/functions/admin/markStatement.php:13
Stack trace:
#0 /home/windmymind/Documents/projects/Diploma/abiturient/control/functions/admin/markStatement.php(13): PDOStatement->fetch()
#1 {main}
  thrown in /home/windmymind/Documents/projects/Diploma/abiturient/control/functions/admin/markStatement.php on line 13
[14-Mar-2020 15:16:53 Europe/Moscow] PHP Notice:  Trying to get property 'anket_status' of non-object in /home/windmymind/Documents/projects/Diploma/abiturient/control/functions/admin/getReceiptStatistics.php on line 14
[14-Mar-2020 15:17:46 Europe/Moscow] PHP Notice:  Trying to get property 'anket_status' of non-object in /home/windmymind/Documents/projects/Diploma/abiturient/control/functions/admin/getReceiptStatistics.php on line 14
[14-Mar-2020 15:18:23 Europe/Moscow] PHP Notice:  Trying to get property 'anket_status' of non-object in /home/windmymind/Documents/projects/Diploma/abiturient/control/functions/admin/getReceiptStatistics.php on line 8
[14-Mar-2020 15:18:37 Europe/Moscow] PHP Notice:  Trying to get property 'anket_status' of non-object in /home/windmymind/Documents/projects/Diploma/abiturient/control/functions/admin/getReceiptStatistics.php on line 8
[14-Mar-2020 15:19:12 Europe/Moscow] PHP Notice:  Trying to get property 'anket_status' of non-object in /home/windmymind/Documents/projects/Diploma/abiturient/control/functions/admin/getReceiptStatistics.php on line 9
[14-Mar-2020 15:21:27 Europe/Moscow] PHP Fatal error:  Uncaught Error: Class 'R' not found in /home/windmymind/Documents/projects/Diploma/abiturient/control/functions/admin/getReceiptStatistics.php:7
Stack trace:
#0 {main}
  thrown in /home/windmymind/Documents/projects/Diploma/abiturient/control/functions/admin/getReceiptStatistics.php on line 7
[14-Mar-2020 15:21:45 Europe/Moscow] PHP Fatal error:  Uncaught Error: Class 'R' not found in /home/windmymind/Documents/projects/Diploma/abiturient/control/functions/admin/getReceiptStatistics.php:7
Stack trace:
#0 {main}
  thrown in /home/windmymind/Documents/projects/Diploma/abiturient/control/functions/admin/getReceiptStatistics.php on line 7
[14-Mar-2020 15:21:45 Europe/Moscow] PHP Fatal error:  Uncaught Error: Class 'R' not found in /home/windmymind/Documents/projects/Diploma/abiturient/control/functions/admin/getReceiptStatistics.php:7
Stack trace:
#0 {main}
  thrown in /home/windmymind/Documents/projects/Diploma/abiturient/control/functions/admin/getReceiptStatistics.php on line 7
[14-Mar-2020 15:22:38 Europe/Moscow] PHP Fatal error:  Uncaught Error: Class 'R' not found in /home/windmymind/Documents/projects/Diploma/abiturient/control/functions/admin/getReceiptStatistics.php:7
Stack trace:
#0 {main}
  thrown in /home/windmymind/Documents/projects/Diploma/abiturient/control/functions/admin/getReceiptStatistics.php on line 7
[14-Mar-2020 15:22:39 Europe/Moscow] PHP Fatal error:  Uncaught Error: Class 'R' not found in /home/windmymind/Documents/projects/Diploma/abiturient/control/functions/admin/getReceiptStatistics.php:7
Stack trace:
#0 {main}
  thrown in /home/windmymind/Documents/projects/Diploma/abiturient/control/functions/admin/getReceiptStatistics.php on line 7
[14-Mar-2020 15:23:01 Europe/Moscow] PHP Fatal error:  Uncaught Error: Class 'R' not found in /home/windmymind/Documents/projects/Diploma/abiturient/control/functions/admin/getReceiptStatistics.php:7
Stack trace:
#0 {main}
  thrown in /home/windmymind/Documents/projects/Diploma/abiturient/control/functions/admin/getReceiptStatistics.php on line 7
[14-Mar-2020 15:23:02 Europe/Moscow] PHP Fatal error:  Uncaught Error: Class 'R' not found in /home/windmymind/Documents/projects/Diploma/abiturient/control/functions/admin/getReceiptStatistics.php:7
Stack trace:
#0 {main}
  thrown in /home/windmymind/Documents/projects/Diploma/abiturient/control/functions/admin/getReceiptStatistics.php on line 7
[14-Mar-2020 15:23:13 Europe/Moscow] PHP Fatal error:  Uncaught Error: Class 'R' not found in /home/windmymind/Documents/projects/Diploma/abiturient/control/functions/admin/getReceiptStatistics.php:7
Stack trace:
#0 {main}
  thrown in /home/windmymind/Documents/projects/Diploma/abiturient/control/functions/admin/getReceiptStatistics.php on line 7
[14-Mar-2020 15:23:21 Europe/Moscow] PHP Fatal error:  Uncaught Error: Class 'R' not found in /home/windmymind/Documents/projects/Diploma/abiturient/control/functions/admin/getReceiptStatistics.php:7
Stack trace:
#0 {main}
  thrown in /home/windmymind/Documents/projects/Diploma/abiturient/control/functions/admin/getReceiptStatistics.php on line 7
[14-Mar-2020 15:23:21 Europe/Moscow] PHP Fatal error:  Uncaught Error: Class 'R' not found in /home/windmymind/Documents/projects/Diploma/abiturient/control/functions/admin/getReceiptStatistics.php:7
Stack trace:
#0 {main}
  thrown in /home/windmymind/Documents/projects/Diploma/abiturient/control/functions/admin/getReceiptStatistics.php on line 7
[14-Mar-2020 15:23:38 Europe/Moscow] PHP Fatal error:  Uncaught Error: Class 'R' not found in /home/windmymind/Documents/projects/Diploma/abiturient/control/functions/admin/getReceiptStatistics.php:7
Stack trace:
#0 {main}
  thrown in /home/windmymind/Documents/projects/Diploma/abiturient/control/functions/admin/getReceiptStatistics.php on line 7
[14-Mar-2020 15:23:50 Europe/Moscow] PHP Fatal error:  Uncaught Error: Class 'R' not found in /home/windmymind/Documents/projects/Diploma/abiturient/control/functions/admin/getReceiptStatistics.php:7
Stack trace:
#0 {main}
  thrown in /home/windmymind/Documents/projects/Diploma/abiturient/control/functions/admin/getReceiptStatistics.php on line 7
[14-Mar-2020 15:23:51 Europe/Moscow] PHP Fatal error:  Uncaught Error: Class 'R' not found in /home/windmymind/Documents/projects/Diploma/abiturient/control/functions/admin/getReceiptStatistics.php:7
Stack trace:
#0 {main}
  thrown in /home/windmymind/Documents/projects/Diploma/abiturient/control/functions/admin/getReceiptStatistics.php on line 7
[14-Mar-2020 15:24:05 Europe/Moscow] PHP Fatal error:  Uncaught Error: Class 'R' not found in /home/windmymind/Documents/projects/Diploma/abiturient/control/functions/admin/getReceiptStatistics.php:7
Stack trace:
#0 {main}
  thrown in /home/windmymind/Documents/projects/Diploma/abiturient/control/functions/admin/getReceiptStatistics.php on line 7
[14-Mar-2020 15:24:34 Europe/Moscow] PHP Fatal error:  Uncaught Error: Class 'R' not found in /home/windmymind/Documents/projects/Diploma/abiturient/control/functions/admin/getReceiptStatistics.php:7
Stack trace:
#0 {main}
  thrown in /home/windmymind/Documents/projects/Diploma/abiturient/control/functions/admin/getReceiptStatistics.php on line 7
[14-Mar-2020 15:24:42 Europe/Moscow] PHP Fatal error:  Uncaught Error: Class 'R' not found in /home/windmymind/Documents/projects/Diploma/abiturient/control/functions/admin/getReceiptStatistics.php:7
Stack trace:
#0 {main}
  thrown in /home/windmymind/Documents/projects/Diploma/abiturient/control/functions/admin/getReceiptStatistics.php on line 7
[14-Mar-2020 15:24:48 Europe/Moscow] PHP Fatal error:  Uncaught Error: Class 'R' not found in /home/windmymind/Documents/projects/Diploma/abiturient/control/functions/admin/getReceiptStatistics.php:7
Stack trace:
#0 {main}
  thrown in /home/windmymind/Documents/projects/Diploma/abiturient/control/functions/admin/getReceiptStatistics.php on line 7
[14-Mar-2020 15:24:49 Europe/Moscow] PHP Fatal error:  Uncaught Error: Class 'R' not found in /home/windmymind/Documents/projects/Diploma/abiturient/control/functions/admin/getReceiptStatistics.php:7
Stack trace:
#0 {main}
  thrown in /home/windmymind/Documents/projects/Diploma/abiturient/control/functions/admin/getReceiptStatistics.php on line 7
[14-Mar-2020 15:24:53 Europe/Moscow] PHP Fatal error:  Uncaught Error: Class 'R' not found in /home/windmymind/Documents/projects/Diploma/abiturient/control/functions/admin/getReceiptStatistics.php:7
Stack trace:
#0 {main}
  thrown in /home/windmymind/Documents/projects/Diploma/abiturient/control/functions/admin/getReceiptStatistics.php on line 7
[14-Mar-2020 15:25:14 Europe/Moscow] PHP Fatal error:  Uncaught Error: Class 'R' not found in /home/windmymind/Documents/projects/Diploma/abiturient/control/functions/admin/getReceiptStatistics.php:7
Stack trace:
#0 {main}
  thrown in /home/windmymind/Documents/projects/Diploma/abiturient/control/functions/admin/getReceiptStatistics.php on line 7
[14-Mar-2020 15:25:14 Europe/Moscow] PHP Fatal error:  Uncaught Error: Class 'R' not found in /home/windmymind/Documents/projects/Diploma/abiturient/control/functions/admin/getReceiptStatistics.php:7
Stack trace:
#0 {main}
  thrown in /home/windmymind/Documents/projects/Diploma/abiturient/control/functions/admin/getReceiptStatistics.php on line 7
[14-Mar-2020 15:26:58 Europe/Moscow] PHP Fatal error:  Uncaught Error: Class 'R' not found in /home/windmymind/Documents/projects/Diploma/abiturient/control/functions/admin/getReceiptStatistics.php:7
Stack trace:
#0 {main}
  thrown in /home/windmymind/Documents/projects/Diploma/abiturient/control/functions/admin/getReceiptStatistics.php on line 7
[14-Mar-2020 15:27:53 Europe/Moscow] PHP Fatal error:  Uncaught Error: Class 'R' not found in /home/windmymind/Documents/projects/Diploma/abiturient/control/functions/admin/getReceiptStatistics.php:7
Stack trace:
#0 {main}
  thrown in /home/windmymind/Documents/projects/Diploma/abiturient/control/functions/admin/getReceiptStatistics.php on line 7
[14-Mar-2020 15:28:08 Europe/Moscow] PHP Fatal error:  Uncaught Error: Class 'R' not found in /home/windmymind/Documents/projects/Diploma/abiturient/control/functions/admin/getReceiptStatistics.php:7
Stack trace:
#0 {main}
  thrown in /home/windmymind/Documents/projects/Diploma/abiturient/control/functions/admin/getReceiptStatistics.php on line 7
[14-Mar-2020 15:29:48 Europe/Moscow] PHP Parse error:  syntax error, unexpected end of file, expecting ';' or ',' in /home/windmymind/Documents/projects/Diploma/abiturient/control/functions/admin/getReceiptStatistics.php on line 14
[14-Mar-2020 15:30:17 Europe/Moscow] PHP Notice:  Array to string conversion in /home/windmymind/Documents/projects/Diploma/abiturient/control/functions/admin/getReceiptStatistics.php on line 14
[14-Mar-2020 15:30:44 Europe/Moscow] PHP Notice:  Array to string conversion in /home/windmymind/Documents/projects/Diploma/abiturient/control/functions/admin/getReceiptStatistics.php on line 15
[14-Mar-2020 15:30:58 Europe/Moscow] PHP Notice:  Array to string conversion in /home/windmymind/Documents/projects/Diploma/abiturient/control/functions/admin/getReceiptStatistics.php on line 15
[14-Mar-2020 15:31:47 Europe/Moscow] PHP Notice:  Array to string conversion in /home/windmymind/Documents/projects/Diploma/abiturient/control/functions/admin/getReceiptStatistics.php on line 15
[14-Mar-2020 15:31:48 Europe/Moscow] PHP Notice:  Array to string conversion in /home/windmymind/Documents/projects/Diploma/abiturient/control/functions/admin/getReceiptStatistics.php on line 15
[14-Mar-2020 15:32:19 Europe/Moscow] PHP Fatal error:  Uncaught Error: Class 'R' not found in /home/windmymind/Documents/projects/Diploma/abiturient/control/functions/admin/getReceiptStatistics.php:6
Stack trace:
#0 {main}
  thrown in /home/windmymind/Documents/projects/Diploma/abiturient/control/functions/admin/getReceiptStatistics.php on line 6
[14-Mar-2020 15:32:21 Europe/Moscow] PHP Fatal error:  Uncaught Error: Class 'R' not found in /home/windmymind/Documents/projects/Diploma/abiturient/control/functions/admin/getReceiptStatistics.php:6
Stack trace:
#0 {main}
  thrown in /home/windmymind/Documents/projects/Diploma/abiturient/control/functions/admin/getReceiptStatistics.php on line 6
[14-Mar-2020 15:32:40 Europe/Moscow] PHP Fatal error:  Uncaught Error: Class 'R' not found in /home/windmymind/Documents/projects/Diploma/abiturient/control/functions/admin/getReceiptStatistics.php:6
Stack trace:
#0 {main}
  thrown in /home/windmymind/Documents/projects/Diploma/abiturient/control/functions/admin/getReceiptStatistics.php on line 6
[14-Mar-2020 15:32:41 Europe/Moscow] PHP Fatal error:  Uncaught Error: Class 'R' not found in /home/windmymind/Documents/projects/Diploma/abiturient/control/functions/admin/getReceiptStatistics.php:6
Stack trace:
#0 {main}
  thrown in /home/windmymind/Documents/projects/Diploma/abiturient/control/functions/admin/getReceiptStatistics.php on line 6
[14-Mar-2020 15:32:45 Europe/Moscow] PHP Fatal error:  Uncaught Error: Class 'R' not found in /home/windmymind/Documents/projects/Diploma/abiturient/control/functions/admin/getReceiptStatistics.php:6
Stack trace:
#0 {main}
  thrown in /home/windmymind/Documents/projects/Diploma/abiturient/control/functions/admin/getReceiptStatistics.php on line 6
[14-Mar-2020 15:32:46 Europe/Moscow] PHP Fatal error:  Uncaught Error: Class 'R' not found in /home/windmymind/Documents/projects/Diploma/abiturient/control/functions/admin/getReceiptStatistics.php:6
Stack trace:
#0 {main}
  thrown in /home/windmymind/Documents/projects/Diploma/abiturient/control/functions/admin/getReceiptStatistics.php on line 6
[14-Mar-2020 15:32:54 Europe/Moscow] PHP Fatal error:  Uncaught Error: Class 'R' not found in /home/windmymind/Documents/projects/Diploma/abiturient/control/functions/admin/getReceiptStatistics.php:6
Stack trace:
#0 {main}
  thrown in /home/windmymind/Documents/projects/Diploma/abiturient/control/functions/admin/getReceiptStatistics.php on line 6
[14-Mar-2020 15:32:55 Europe/Moscow] PHP Fatal error:  Uncaught Error: Class 'R' not found in /home/windmymind/Documents/projects/Diploma/abiturient/control/functions/admin/getReceiptStatistics.php:6
Stack trace:
#0 {main}
  thrown in /home/windmymind/Documents/projects/Diploma/abiturient/control/functions/admin/getReceiptStatistics.php on line 6
[14-Mar-2020 15:33:15 Europe/Moscow] PHP Fatal error:  Uncaught Error: Class 'R' not found in /home/windmymind/Documents/projects/Diploma/abiturient/control/functions/admin/getReceiptStatistics.php:6
Stack trace:
#0 {main}
  thrown in /home/windmymind/Documents/projects/Diploma/abiturient/control/functions/admin/getReceiptStatistics.php on line 6
[14-Mar-2020 15:33:16 Europe/Moscow] PHP Fatal error:  Uncaught Error: Class 'R' not found in /home/windmymind/Documents/projects/Diploma/abiturient/control/functions/admin/getReceiptStatistics.php:6
Stack trace:
#0 {main}
  thrown in /home/windmymind/Documents/projects/Diploma/abiturient/control/functions/admin/getReceiptStatistics.php on line 6
[14-Mar-2020 15:33:50 Europe/Moscow] PHP Fatal error:  Uncaught Error: Class 'R' not found in /home/windmymind/Documents/projects/Diploma/abiturient/control/functions/admin/getReceiptStatistics.php:6
Stack trace:
#0 {main}
  thrown in /home/windmymind/Documents/projects/Diploma/abiturient/control/functions/admin/getReceiptStatistics.php on line 6
[14-Mar-2020 15:33:57 Europe/Moscow] PHP Fatal error:  Uncaught Error: Class 'R' not found in /home/windmymind/Documents/projects/Diploma/abiturient/control/functions/admin/getReceiptStatistics.php:6
Stack trace:
#0 {main}
  thrown in /home/windmymind/Documents/projects/Diploma/abiturient/control/functions/admin/getReceiptStatistics.php on line 6
[14-Mar-2020 15:39:48 Europe/Moscow] PHP Fatal error:  Uncaught PDOException: SQLSTATE[HY000]: General error in /home/windmymind/Documents/projects/Diploma/abiturient/control/functions/admin/markStatement.php:13
Stack trace:
#0 /home/windmymind/Documents/projects/Diploma/abiturient/control/functions/admin/markStatement.php(13): PDOStatement->fetch()
#1 {main}
  thrown in /home/windmymind/Documents/projects/Diploma/abiturient/control/functions/admin/markStatement.php on line 13
[14-Mar-2020 15:47:38 Europe/Moscow] PHP Fatal error:  Uncaught PDOException: SQLSTATE[HY000]: General error in /home/windmymind/Documents/projects/Diploma/abiturient/control/functions/admin/markStatement.php:13
Stack trace:
#0 /home/windmymind/Documents/projects/Diploma/abiturient/control/functions/admin/markStatement.php(13): PDOStatement->fetch()
#1 {main}
  thrown in /home/windmymind/Documents/projects/Diploma/abiturient/control/functions/admin/markStatement.php on line 13
[20-Mar-2020 12:42:55 Europe/Moscow] PHP Notice:  Trying to get property 'date' of non-object in /home/windmymind/Documents/projects/Diploma/abiturient/control/functions/admin/manageAlgorithm.php on line 8
[20-Mar-2020 12:49:23 Europe/Moscow] PHP Parse error:  syntax error, unexpected '$query' (T_VARIABLE) in /home/windmymind/Documents/projects/Diploma/abiturient/control/functions/admin/manageAlgorithm.php on line 20
[20-Mar-2020 12:50:12 Europe/Moscow] PHP Fatal error:  Uncaught PDOException: SQLSTATE[42000]: Syntax error or access violation: 1064 You have an error in your SQL syntax; check the manual that corresponds to your MariaDB server version for the right syntax to use near 'check
      )' at line 8 in /home/windmymind/Documents/projects/Diploma/abiturient/control/functions/admin/manageAlgorithm.php:16
Stack trace:
#0 /home/windmymind/Documents/projects/Diploma/abiturient/control/functions/admin/manageAlgorithm.php(16): PDO->query()
#1 {main}
  thrown in /home/windmymind/Documents/projects/Diploma/abiturient/control/functions/admin/manageAlgorithm.php on line 16
[20-Mar-2020 12:51:53 Europe/Moscow] PHP Fatal error:  Uncaught PDOException: SQLSTATE[42S22]: Column not found: 1054 Unknown column 'hgt' in 'field list' in /home/windmymind/Documents/projects/Diploma/abiturient/control/functions/admin/manageAlgorithm.php:10
Stack trace:
#0 /home/windmymind/Documents/projects/Diploma/abiturient/control/functions/admin/manageAlgorithm.php(10): PDO->query()
#1 {main}
  thrown in /home/windmymind/Documents/projects/Diploma/abiturient/control/functions/admin/manageAlgorithm.php on line 10
[20-Mar-2020 12:55:20 Europe/Moscow] PHP Fatal error:  Uncaught PDOException: SQLSTATE[21S01]: Insert value list does not match column list: 1136 Column count doesn't match value count at row 1 in /home/windmymind/Documents/projects/Diploma/abiturient/control/functions/admin/manageAlgorithm.php:25
Stack trace:
#0 /home/windmymind/Documents/projects/Diploma/abiturient/control/functions/admin/manageAlgorithm.php(25): PDOStatement->execute()
#1 {main}
  thrown in /home/windmymind/Documents/projects/Diploma/abiturient/control/functions/admin/manageAlgorithm.php on line 25
[20-Mar-2020 12:55:54 Europe/Moscow] PHP Fatal error:  Uncaught PDOException: SQLSTATE[21S01]: Insert value list does not match column list: 1136 Column count doesn't match value count at row 1 in /home/windmymind/Documents/projects/Diploma/abiturient/control/functions/admin/manageAlgorithm.php:25
Stack trace:
#0 /home/windmymind/Documents/projects/Diploma/abiturient/control/functions/admin/manageAlgorithm.php(25): PDOStatement->execute()
#1 {main}
  thrown in /home/windmymind/Documents/projects/Diploma/abiturient/control/functions/admin/manageAlgorithm.php on line 25
[20-Mar-2020 12:57:34 Europe/Moscow] PHP Notice:  Undefined variable: _SESSION in /home/windmymind/Documents/projects/Diploma/abiturient/control/functions/admin/manageAlgorithm.php on line 23
[20-Mar-2020 12:57:34 Europe/Moscow] PHP Notice:  Trying to access array offset on value of type null in /home/windmymind/Documents/projects/Diploma/abiturient/control/functions/admin/manageAlgorithm.php on line 23
[20-Mar-2020 12:57:34 Europe/Moscow] PHP Notice:  Trying to get property 'id' of non-object in /home/windmymind/Documents/projects/Diploma/abiturient/control/functions/admin/manageAlgorithm.php on line 23
[20-Mar-2020 12:57:34 Europe/Moscow] PHP Fatal error:  Uncaught PDOException: SQLSTATE[23000]: Integrity constraint violation: 1048 Column 'admin_id' cannot be null in /home/windmymind/Documents/projects/Diploma/abiturient/control/functions/admin/manageAlgorithm.php:25
Stack trace:
#0 /home/windmymind/Documents/projects/Diploma/abiturient/control/functions/admin/manageAlgorithm.php(25): PDOStatement->execute()
#1 {main}
  thrown in /home/windmymind/Documents/projects/Diploma/abiturient/control/functions/admin/manageAlgorithm.php on line 25
[20-Mar-2020 13:04:41 Europe/Moscow] PHP Fatal error:  Uncaught PDOException: SQLSTATE[42000]: Syntax error or access violation: 1064 You have an error in your SQL syntax; check the manual that corresponds to your MariaDB server version for the right syntax to use near '* FROM algorithm' at line 1 in /home/windmymind/Documents/projects/Diploma/abiturient/control/functions/admin/manageAlgorithm.php:17
Stack trace:
#0 /home/windmymind/Documents/projects/Diploma/abiturient/control/functions/admin/manageAlgorithm.php(17): PDO->query()
#1 {main}
  thrown in /home/windmymind/Documents/projects/Diploma/abiturient/control/functions/admin/manageAlgorithm.php on line 17
[20-Mar-2020 13:07:36 Europe/Moscow] PHP Fatal error:  Uncaught PDOException: SQLSTATE[42000]: Syntax error or access violation: 1064 You have an error in your SQL syntax; check the manual that corresponds to your MariaDB server version for the right syntax to use near '* FROM algorithm WHERE id>0' at line 1 in /home/windmymind/Documents/projects/Diploma/abiturient/control/functions/admin/manageAlgorithm.php:17
Stack trace:
#0 /home/windmymind/Documents/projects/Diploma/abiturient/control/functions/admin/manageAlgorithm.php(17): PDO->query()
#1 {main}
  thrown in /home/windmymind/Documents/projects/Diploma/abiturient/control/functions/admin/manageAlgorithm.php on line 17
[20-Mar-2020 13:08:34 Europe/Moscow] PHP Fatal error:  Uncaught PDOException: SQLSTATE[42000]: Syntax error or access violation: 1064 You have an error in your SQL syntax; check the manual that corresponds to your MariaDB server version for the right syntax to use near '* FROM algorithm WHERE id>0' at line 1 in /home/windmymind/Documents/projects/Diploma/abiturient/control/functions/admin/manageAlgorithm.php:17
Stack trace:
#0 /home/windmymind/Documents/projects/Diploma/abiturient/control/functions/admin/manageAlgorithm.php(17): PDO->query()
#1 {main}
  thrown in /home/windmymind/Documents/projects/Diploma/abiturient/control/functions/admin/manageAlgorithm.php on line 17
[20-Mar-2020 13:10:48 Europe/Moscow] PHP Fatal error:  Uncaught PDOException: SQLSTATE[42000]: Syntax error or access violation: 1064 You have an error in your SQL syntax; check the manual that corresponds to your MariaDB server version for the right syntax to use near '* FROM algorithm WHERE id>0' at line 1 in /home/windmymind/Documents/projects/Diploma/abiturient/control/functions/admin/manageAlgorithm.php:17
Stack trace:
#0 /home/windmymind/Documents/projects/Diploma/abiturient/control/functions/admin/manageAlgorithm.php(17): PDO->query()
#1 {main}
  thrown in /home/windmymind/Documents/projects/Diploma/abiturient/control/functions/admin/manageAlgorithm.php on line 17
[20-Mar-2020 13:12:53 Europe/Moscow] PHP Fatal error:  Uncaught PDOException: SQLSTATE[42000]: Syntax error or access violation: 1064 You have an error in your SQL syntax; check the manual that corresponds to your MariaDB server version for the right syntax to use near '* FROM algorithm WHERE id>0' at line 1 in /home/windmymind/Documents/projects/Diploma/abiturient/control/functions/admin/manageAlgorithm.php:17
Stack trace:
#0 /home/windmymind/Documents/projects/Diploma/abiturient/control/functions/admin/manageAlgorithm.php(17): PDO->query()
#1 {main}
  thrown in /home/windmymind/Documents/projects/Diploma/abiturient/control/functions/admin/manageAlgorithm.php on line 17
[20-Mar-2020 13:13:52 Europe/Moscow] PHP Fatal error:  Uncaught PDOException: SQLSTATE[HY000]: General error in /home/windmymind/Documents/projects/Diploma/abiturient/control/functions/admin/manageAlgorithm.php:18
Stack trace:
#0 /home/windmymind/Documents/projects/Diploma/abiturient/control/functions/admin/manageAlgorithm.php(18): PDOStatement->fetch()
#1 {main}
  thrown in /home/windmymind/Documents/projects/Diploma/abiturient/control/functions/admin/manageAlgorithm.php on line 18
[20-Mar-2020 13:14:04 Europe/Moscow] PHP Fatal error:  Uncaught PDOException: SQLSTATE[HY000]: General error in /home/windmymind/Documents/projects/Diploma/abiturient/control/functions/admin/manageAlgorithm.php:18
Stack trace:
#0 /home/windmymind/Documents/projects/Diploma/abiturient/control/functions/admin/manageAlgorithm.php(18): PDOStatement->fetch()
#1 {main}
  thrown in /home/windmymind/Documents/projects/Diploma/abiturient/control/functions/admin/manageAlgorithm.php on line 18
[20-Mar-2020 13:14:43 Europe/Moscow] PHP Fatal error:  Uncaught PDOException: SQLSTATE[HY000]: General error in /home/windmymind/Documents/projects/Diploma/abiturient/control/functions/admin/manageAlgorithm.php:8
Stack trace:
#0 /home/windmymind/Documents/projects/Diploma/abiturient/control/functions/admin/manageAlgorithm.php(8): PDOStatement->fetch()
#1 {main}
  thrown in /home/windmymind/Documents/projects/Diploma/abiturient/control/functions/admin/manageAlgorithm.php on line 8
[20-Mar-2020 13:15:39 Europe/Moscow] PHP Fatal error:  Uncaught PDOException: SQLSTATE[HY000]: General error in /home/windmymind/Documents/projects/Diploma/abiturient/control/functions/admin/manageAlgorithm.php:8
Stack trace:
#0 /home/windmymind/Documents/projects/Diploma/abiturient/control/functions/admin/manageAlgorithm.php(8): PDOStatement->fetch()
#1 {main}
  thrown in /home/windmymind/Documents/projects/Diploma/abiturient/control/functions/admin/manageAlgorithm.php on line 8
[20-Mar-2020 13:20:00 Europe/Moscow] PHP Fatal error:  Uncaught PDOException: SQLSTATE[HY000]: General error in /home/windmymind/Documents/projects/Diploma/abiturient/control/functions/admin/manageAlgorithm.php:8
Stack trace:
#0 /home/windmymind/Documents/projects/Diploma/abiturient/control/functions/admin/manageAlgorithm.php(8): PDOStatement->fetch()
#1 {main}
  thrown in /home/windmymind/Documents/projects/Diploma/abiturient/control/functions/admin/manageAlgorithm.php on line 8
[20-Mar-2020 13:58:29 Europe/Moscow] PHP Parse error:  syntax error, unexpected '[', expecting identifier (T_STRING) or variable (T_VARIABLE) or '{' or '$' in /home/windmymind/Documents/projects/Diploma/abiturient/control/functions/admin/manageAlgorithm.php on line 30
[21-Mar-2020 12:06:28 Europe/Moscow] PHP Warning:  filetype() expects parameter 1 to be a valid path, array given in /home/windmymind/Documents/projects/Diploma/abiturient/control/functions/admin/updDocTemplate.php on line 3
[21-Mar-2020 12:07:22 Europe/Moscow] PHP Fatal error:  Uncaught Error: Call to undefined function /home/windmymind/Documents/projects/Diploma/abiturient/control/functions/admin/../../uploads/documents/document.docx() in /home/windmymind/Documents/projects/Diploma/abiturient/control/functions/admin/updDocTemplate.php:9
Stack trace:
#0 {main}
  thrown in /home/windmymind/Documents/projects/Diploma/abiturient/control/functions/admin/updDocTemplate.php on line 9
[21-Mar-2020 12:11:34 Europe/Moscow] PHP Notice:  Only variables should be passed by reference in /home/windmymind/Documents/projects/Diploma/abiturient/control/functions/admin/updDocTemplate.php on line 9
[21-Mar-2020 12:18:44 Europe/Moscow] PHP Fatal error:  Uncaught Exception: foo in /home/windmymind/Documents/projects/Diploma/abiturient/control/functions/admin/updDocTemplate.php:18
Stack trace:
#0 {main}
  thrown in /home/windmymind/Documents/projects/Diploma/abiturient/control/functions/admin/updDocTemplate.php on line 18
